

Started GET "/assets/rails.png" for 10.0.2.2 at 2014-04-24 16:02:02 +0000
Connecting to database specified by database.yml
Served asset /rails.png - 200 OK (43ms)
Connecting to database specified by database.yml


Started GET "/rails/info/properties" for 10.0.2.2 at 2014-04-25 17:06:19 +0000
Connecting to database specified by database.yml
Processing by Rails::InfoController#properties as */*
  Rendered inline template (24.3ms)
Completed 200 OK in 42.0ms (Views: 41.7ms | ActiveRecord: 0.0ms)
Connecting to database specified by database.yml
  [1m[36m (2.7ms)[0m  [1mselect sqlite_version(*)[0m
  [1m[35m (2.8ms)[0m  CREATE TABLE "schema_migrations" ("version" varchar(255) NOT NULL) 
  [1m[36m (2.7ms)[0m  [1mCREATE UNIQUE INDEX "unique_schema_migrations" ON "schema_migrations" ("version")[0m
  [1m[35m (6.6ms)[0m  SELECT "schema_migrations"."version" FROM "schema_migrations" 
Migrating to CreateUsers (20140424165434)
  [1m[36m (0.0ms)[0m  [1mbegin transaction[0m
  [1m[35m (2.2ms)[0m  CREATE TABLE "users" ("id" INTEGER PRIMARY KEY AUTOINCREMENT NOT NULL, "name" varchar(255), "email" varchar(255), "created_at" datetime NOT NULL, "updated_at" datetime NOT NULL) 
  [1m[36m (1.1ms)[0m  [1mINSERT INTO "schema_migrations" ("version") VALUES ('20140424165434')[0m
  [1m[35m (1.5ms)[0m  commit transaction
  [1m[36m (0.4ms)[0m  [1mSELECT "schema_migrations"."version" FROM "schema_migrations" [0m


Started GET "/users" for 10.0.2.2 at 2014-04-25 17:21:05 +0000
Connecting to database specified by database.yml
Processing by UsersController#index as HTML
  [1m[36mUser Load (1.1ms)[0m  [1mSELECT "users".* FROM "users" [0m
  Rendered users/index.html.erb within layouts/application (5.3ms)
Warning. Error encountered while saving cache /vagrant/tmp/cache/sass/9505375e72afa48c5767235c7d79f01d960d4322/scaffolds.css.scssc: can't dump anonymous class #<Class:0x00000003829f58>
Compiled scaffolds.css  (30ms)  (pid 20286)
Warning. Error encountered while saving cache /vagrant/tmp/cache/sass/9505375e72afa48c5767235c7d79f01d960d4322/users.css.scssc: can't dump anonymous class #<Class:0x00000003829f58>
Compiled users.css  (4ms)  (pid 20286)
Compiled application.css  (119ms)  (pid 20286)
Compiled jquery.js  (1ms)  (pid 20286)
Compiled jquery_ujs.js  (0ms)  (pid 20286)
Compiled users.js  (166ms)  (pid 20286)
Compiled application.js  (324ms)  (pid 20286)
Completed 200 OK in 785.3ms (Views: 702.4ms | ActiveRecord: 6.2ms)


Started GET "/assets/users.css?body=1" for 10.0.2.2 at 2014-04-25 17:21:06 +0000
Served asset /users.css - 200 OK (15ms)


Started GET "/assets/users.js?body=1" for 10.0.2.2 at 2014-04-25 17:21:06 +0000
Served asset /users.js - 200 OK (6ms)


Started GET "/assets/scaffolds.css?body=1" for 10.0.2.2 at 2014-04-25 17:21:06 +0000
Served asset /scaffolds.css - 200 OK (10ms)


Started GET "/assets/application.css?body=1" for 10.0.2.2 at 2014-04-25 17:21:06 +0000
Served asset /application.css - 200 OK (20ms)


Started GET "/assets/jquery.js?body=1" for 10.0.2.2 at 2014-04-25 17:21:07 +0000
Served asset /jquery.js - 304 Not Modified (17ms)


Started GET "/assets/application.js?body=1" for 10.0.2.2 at 2014-04-25 17:21:07 +0000
Served asset /application.js - 200 OK (30ms)


Started GET "/assets/jquery_ujs.js?body=1" for 10.0.2.2 at 2014-04-25 17:21:09 +0000
Served asset /jquery_ujs.js - 304 Not Modified (11ms)


Started GET "/users/new" for 10.0.2.2 at 2014-04-25 17:21:13 +0000
Processing by UsersController#new as HTML
  Rendered users/_form.html.erb (11.2ms)
  Rendered users/new.html.erb within layouts/application (31.0ms)
Completed 200 OK in 77.9ms (Views: 71.4ms | ActiveRecord: 0.0ms)


Started GET "/assets/jquery_ujs.js?body=1" for 10.0.2.2 at 2014-04-25 17:21:13 +0000
Served asset /jquery_ujs.js - 304 Not Modified (0ms)


Started GET "/assets/jquery.js?body=1" for 10.0.2.2 at 2014-04-25 17:21:13 +0000
Served asset /jquery.js - 304 Not Modified (1ms)


Started POST "/users" for 10.0.2.2 at 2014-04-25 17:21:23 +0000
Processing by UsersController#create as HTML
  Parameters: {"utf8"=>"✓", "authenticity_token"=>"bTYZ3ibmN26N+NV4vc09kkbnlHPxBqcsPyf48opRd9Q=", "user"=>{"name"=>"sam", "email"=>"y"}, "commit"=>"Create User"}
  [1m[35m (0.1ms)[0m  begin transaction
  [1m[36mSQL (36.3ms)[0m  [1mINSERT INTO "users" ("created_at", "email", "name", "updated_at") VALUES (?, ?, ?, ?)[0m  [["created_at", Fri, 25 Apr 2014 17:21:23 UTC +00:00], ["email", "y"], ["name", "sam"], ["updated_at", Fri, 25 Apr 2014 17:21:23 UTC +00:00]]
  [1m[35m (3.1ms)[0m  commit transaction
Redirected to http://localhost:3000/users/1
Completed 302 Found in 45.3ms (ActiveRecord: 39.4ms)


Started GET "/users/1" for 10.0.2.2 at 2014-04-25 17:21:24 +0000
Processing by UsersController#show as HTML
  Parameters: {"id"=>"1"}
  [1m[36mUser Load (0.8ms)[0m  [1mSELECT "users".* FROM "users" WHERE "users"."id" = ? LIMIT 1[0m  [["id", "1"]]
  Rendered users/show.html.erb within layouts/application (1.0ms)
Completed 200 OK in 45.6ms (Views: 40.2ms | ActiveRecord: 0.8ms)


Started GET "/assets/jquery.js?body=1" for 10.0.2.2 at 2014-04-25 17:21:24 +0000
Served asset /jquery.js - 304 Not Modified (0ms)


Started GET "/assets/jquery_ujs.js?body=1" for 10.0.2.2 at 2014-04-25 17:21:24 +0000
Served asset /jquery_ujs.js - 304 Not Modified (0ms)


Started GET "/users" for 10.0.2.2 at 2014-04-25 17:38:50 +0000
Processing by UsersController#index as HTML
  [1m[35mUser Load (1.0ms)[0m  SELECT "users".* FROM "users" 
  Rendered users/index.html.erb within layouts/application (1.7ms)
Completed 200 OK in 42.8ms (Views: 40.6ms | ActiveRecord: 1.0ms)


Started GET "/assets/jquery_ujs.js?body=1" for 10.0.2.2 at 2014-04-25 17:38:50 +0000
Served asset /jquery_ujs.js - 304 Not Modified (2ms)


Started GET "/assets/jquery.js?body=1" for 10.0.2.2 at 2014-04-25 17:38:50 +0000
Served asset /jquery.js - 304 Not Modified (1ms)


Started GET "/users/1/edit" for 10.0.2.2 at 2014-04-25 17:45:13 +0000
Processing by UsersController#edit as HTML
  Parameters: {"id"=>"1"}
  [1m[36mUser Load (1.2ms)[0m  [1mSELECT "users".* FROM "users" WHERE "users"."id" = ? LIMIT 1[0m  [["id", "1"]]
  Rendered users/_form.html.erb (2.8ms)
  Rendered users/edit.html.erb within layouts/application (14.3ms)
Completed 200 OK in 61.6ms (Views: 58.6ms | ActiveRecord: 1.2ms)


Started GET "/assets/jquery.js?body=1" for 10.0.2.2 at 2014-04-25 17:45:13 +0000
Served asset /jquery.js - 304 Not Modified (3ms)


Started GET "/assets/jquery_ujs.js?body=1" for 10.0.2.2 at 2014-04-25 17:45:13 +0000
Served asset /jquery_ujs.js - 304 Not Modified (0ms)


Started PUT "/users/1" for 10.0.2.2 at 2014-04-25 17:45:18 +0000
Processing by UsersController#update as HTML
  Parameters: {"utf8"=>"✓", "authenticity_token"=>"bTYZ3ibmN26N+NV4vc09kkbnlHPxBqcsPyf48opRd9Q=", "user"=>{"name"=>"sammy", "email"=>"y"}, "commit"=>"Update User", "id"=>"1"}
  [1m[35mUser Load (1.5ms)[0m  SELECT "users".* FROM "users" WHERE "users"."id" = ? LIMIT 1  [["id", "1"]]
  [1m[36m (0.1ms)[0m  [1mbegin transaction[0m
  [1m[35m (3.7ms)[0m  UPDATE "users" SET "name" = 'sammy', "updated_at" = '2014-04-25 17:45:18.555540' WHERE "users"."id" = 1
  [1m[36m (1.5ms)[0m  [1mcommit transaction[0m
Redirected to http://localhost:3000/users/1
Completed 302 Found in 13.8ms (ActiveRecord: 6.8ms)


Started GET "/users/1" for 10.0.2.2 at 2014-04-25 17:45:18 +0000
Processing by UsersController#show as HTML
  Parameters: {"id"=>"1"}
  [1m[35mUser Load (0.8ms)[0m  SELECT "users".* FROM "users" WHERE "users"."id" = ? LIMIT 1  [["id", "1"]]
  Rendered users/show.html.erb within layouts/application (0.7ms)
Completed 200 OK in 42.5ms (Views: 40.1ms | ActiveRecord: 0.8ms)


Started GET "/assets/jquery.js?body=1" for 10.0.2.2 at 2014-04-25 17:45:18 +0000
Served asset /jquery.js - 304 Not Modified (3ms)


Started GET "/assets/jquery_ujs.js?body=1" for 10.0.2.2 at 2014-04-25 17:45:18 +0000
Served asset /jquery_ujs.js - 304 Not Modified (0ms)


Started GET "/users" for 10.0.2.2 at 2014-04-25 17:45:24 +0000
Processing by UsersController#index as HTML
  [1m[36mUser Load (1.2ms)[0m  [1mSELECT "users".* FROM "users" [0m
  Rendered users/index.html.erb within layouts/application (1.3ms)
Completed 200 OK in 42.3ms (Views: 40.1ms | ActiveRecord: 1.2ms)


Started GET "/assets/jquery.js?body=1" for 10.0.2.2 at 2014-04-25 17:45:24 +0000
Served asset /jquery.js - 304 Not Modified (3ms)


Started GET "/assets/jquery_ujs.js?body=1" for 10.0.2.2 at 2014-04-25 17:45:24 +0000
Served asset /jquery_ujs.js - 304 Not Modified (0ms)


Started GET "/users/new" for 10.0.2.2 at 2014-04-25 17:46:27 +0000
Processing by UsersController#new as HTML
  Rendered users/_form.html.erb (2.8ms)
  Rendered users/new.html.erb within layouts/application (12.0ms)
Completed 200 OK in 56.2ms (Views: 55.9ms | ActiveRecord: 0.0ms)


Started GET "/assets/jquery.js?body=1" for 10.0.2.2 at 2014-04-25 17:46:27 +0000
Served asset /jquery.js - 304 Not Modified (0ms)


Started GET "/assets/jquery_ujs.js?body=1" for 10.0.2.2 at 2014-04-25 17:46:27 +0000
Served asset /jquery_ujs.js - 304 Not Modified (1ms)


Started POST "/users" for 10.0.2.2 at 2014-04-25 17:46:42 +0000
Processing by UsersController#create as HTML
  Parameters: {"utf8"=>"✓", "authenticity_token"=>"bTYZ3ibmN26N+NV4vc09kkbnlHPxBqcsPyf48opRd9Q=", "user"=>{"name"=>"Sachin", "email"=>"shshs@uiowa.edu"}, "commit"=>"Create User"}
  [1m[35m (0.0ms)[0m  begin transaction
  [1m[36mSQL (3.4ms)[0m  [1mINSERT INTO "users" ("created_at", "email", "name", "updated_at") VALUES (?, ?, ?, ?)[0m  [["created_at", Fri, 25 Apr 2014 17:46:42 UTC +00:00], ["email", "shshs@uiowa.edu"], ["name", "Sachin"], ["updated_at", Fri, 25 Apr 2014 17:46:42 UTC +00:00]]
  [1m[35m (3.3ms)[0m  commit transaction
Redirected to http://localhost:3000/users/2
Completed 302 Found in 9.6ms (ActiveRecord: 6.7ms)


Started GET "/users/2" for 10.0.2.2 at 2014-04-25 17:46:42 +0000
Processing by UsersController#show as HTML
  Parameters: {"id"=>"2"}
  [1m[36mUser Load (0.3ms)[0m  [1mSELECT "users".* FROM "users" WHERE "users"."id" = ? LIMIT 1[0m  [["id", "2"]]
  Rendered users/show.html.erb within layouts/application (0.4ms)
Completed 200 OK in 41.4ms (Views: 40.2ms | ActiveRecord: 0.3ms)


Started GET "/assets/jquery.js?body=1" for 10.0.2.2 at 2014-04-25 17:46:42 +0000
Served asset /jquery.js - 304 Not Modified (3ms)


Started GET "/assets/jquery_ujs.js?body=1" for 10.0.2.2 at 2014-04-25 17:46:42 +0000
Served asset /jquery_ujs.js - 304 Not Modified (0ms)


Started GET "/users" for 10.0.2.2 at 2014-04-25 17:46:45 +0000
Processing by UsersController#index as HTML
  [1m[35mUser Load (0.7ms)[0m  SELECT "users".* FROM "users" 
  Rendered users/index.html.erb within layouts/application (2.3ms)
Completed 200 OK in 43.7ms (Views: 42.2ms | ActiveRecord: 0.7ms)


Started GET "/assets/jquery.js?body=1" for 10.0.2.2 at 2014-04-25 17:46:45 +0000
Served asset /jquery.js - 304 Not Modified (3ms)


Started GET "/assets/jquery_ujs.js?body=1" for 10.0.2.2 at 2014-04-25 17:46:45 +0000
Served asset /jquery_ujs.js - 304 Not Modified (0ms)


Started GET "/users/1/edit" for 10.0.2.2 at 2014-04-25 17:46:50 +0000
Processing by UsersController#edit as HTML
  Parameters: {"id"=>"1"}
  [1m[36mUser Load (0.9ms)[0m  [1mSELECT "users".* FROM "users" WHERE "users"."id" = ? LIMIT 1[0m  [["id", "1"]]
  Rendered users/_form.html.erb (3.3ms)
  Rendered users/edit.html.erb within layouts/application (15.6ms)
Completed 200 OK in 57.9ms (Views: 56.0ms | ActiveRecord: 0.9ms)


Started GET "/assets/jquery.js?body=1" for 10.0.2.2 at 2014-04-25 17:46:50 +0000
Served asset /jquery.js - 304 Not Modified (27ms)


Started GET "/assets/jquery_ujs.js?body=1" for 10.0.2.2 at 2014-04-25 17:46:50 +0000
Served asset /jquery_ujs.js - 304 Not Modified (0ms)


Started PUT "/users/1" for 10.0.2.2 at 2014-04-25 17:47:02 +0000
Processing by UsersController#update as HTML
  Parameters: {"utf8"=>"✓", "authenticity_token"=>"bTYZ3ibmN26N+NV4vc09kkbnlHPxBqcsPyf48opRd9Q=", "user"=>{"name"=>"sammy", "email"=>"yahoo@yahoo.com"}, "commit"=>"Update User", "id"=>"1"}
  [1m[35mUser Load (0.7ms)[0m  SELECT "users".* FROM "users" WHERE "users"."id" = ? LIMIT 1  [["id", "1"]]
  [1m[36m (0.1ms)[0m  [1mbegin transaction[0m
  [1m[35m (2.8ms)[0m  UPDATE "users" SET "email" = 'yahoo@yahoo.com', "updated_at" = '2014-04-25 17:47:02.514436' WHERE "users"."id" = 1
  [1m[36m (2.4ms)[0m  [1mcommit transaction[0m
Redirected to http://localhost:3000/users/1
Completed 302 Found in 11.1ms (ActiveRecord: 5.9ms)


Started GET "/users/1" for 10.0.2.2 at 2014-04-25 17:47:02 +0000
Processing by UsersController#show as HTML
  Parameters: {"id"=>"1"}
  [1m[35mUser Load (0.7ms)[0m  SELECT "users".* FROM "users" WHERE "users"."id" = ? LIMIT 1  [["id", "1"]]
  Rendered users/show.html.erb within layouts/application (0.7ms)
Completed 200 OK in 41.3ms (Views: 39.7ms | ActiveRecord: 0.7ms)


Started GET "/assets/jquery.js?body=1" for 10.0.2.2 at 2014-04-25 17:47:02 +0000
Served asset /jquery.js - 304 Not Modified (3ms)


Started GET "/assets/jquery_ujs.js?body=1" for 10.0.2.2 at 2014-04-25 17:47:02 +0000
Served asset /jquery_ujs.js - 304 Not Modified (0ms)


Started GET "/users" for 10.0.2.2 at 2014-04-25 17:47:05 +0000
Processing by UsersController#index as HTML
  [1m[36mUser Load (0.6ms)[0m  [1mSELECT "users".* FROM "users" [0m
  Rendered users/index.html.erb within layouts/application (1.5ms)
Completed 200 OK in 44.9ms (Views: 43.4ms | ActiveRecord: 0.6ms)


Started GET "/assets/jquery.js?body=1" for 10.0.2.2 at 2014-04-25 17:47:05 +0000
Served asset /jquery.js - 304 Not Modified (3ms)


Started GET "/assets/jquery_ujs.js?body=1" for 10.0.2.2 at 2014-04-25 17:47:05 +0000
Served asset /jquery_ujs.js - 304 Not Modified (0ms)


Started DELETE "/users/1" for 10.0.2.2 at 2014-04-25 17:47:34 +0000
Processing by UsersController#destroy as HTML
  Parameters: {"authenticity_token"=>"bTYZ3ibmN26N+NV4vc09kkbnlHPxBqcsPyf48opRd9Q=", "id"=>"1"}
  [1m[35mUser Load (0.7ms)[0m  SELECT "users".* FROM "users" WHERE "users"."id" = ? LIMIT 1  [["id", "1"]]
  [1m[36m (0.1ms)[0m  [1mbegin transaction[0m
  [1m[35mSQL (2.4ms)[0m  DELETE FROM "users" WHERE "users"."id" = ?  [["id", 1]]
  [1m[36m (2.3ms)[0m  [1mcommit transaction[0m
Redirected to http://localhost:3000/users
Completed 302 Found in 9.2ms (ActiveRecord: 5.5ms)


Started GET "/users" for 10.0.2.2 at 2014-04-25 17:47:34 +0000
Processing by UsersController#index as HTML
  [1m[35mUser Load (1.6ms)[0m  SELECT "users".* FROM "users" 
  Rendered users/index.html.erb within layouts/application (1.1ms)
Completed 200 OK in 40.4ms (Views: 37.9ms | ActiveRecord: 1.6ms)


Started GET "/assets/jquery.js?body=1" for 10.0.2.2 at 2014-04-25 17:47:35 +0000
Served asset /jquery.js - 304 Not Modified (4ms)


Started GET "/assets/jquery_ujs.js?body=1" for 10.0.2.2 at 2014-04-25 17:47:35 +0000
Served asset /jquery_ujs.js - 304 Not Modified (0ms)
Connecting to database specified by database.yml
Connecting to database specified by database.yml
  [1m[36m (6.0ms)[0m  [1mSELECT "schema_migrations"."version" FROM "schema_migrations" [0m
Migrating to CreateUsers (20140424165434)
Migrating to CreateMicroposts (20140425182202)
  [1m[35m (0.1ms)[0m  select sqlite_version(*)
  [1m[36m (0.0ms)[0m  [1mbegin transaction[0m
  [1m[35m (3.9ms)[0m  CREATE TABLE "microposts" ("id" INTEGER PRIMARY KEY AUTOINCREMENT NOT NULL, "content" varchar(255), "user_id" integer, "created_at" datetime NOT NULL, "updated_at" datetime NOT NULL) 
  [1m[36m (1.1ms)[0m  [1mINSERT INTO "schema_migrations" ("version") VALUES ('20140425182202')[0m
  [1m[35m (2.3ms)[0m  commit transaction
  [1m[36m (0.3ms)[0m  [1mSELECT "schema_migrations"."version" FROM "schema_migrations" [0m


Started GET "/microposts/new" for 10.0.2.2 at 2014-04-25 18:24:57 +0000
Connecting to database specified by database.yml
Processing by MicropostsController#new as HTML
  Rendered microposts/_form.html.erb (10.2ms)
  Rendered microposts/new.html.erb within layouts/application (55.4ms)
Warning. Error encountered while saving cache /vagrant/tmp/cache/sass/9505375e72afa48c5767235c7d79f01d960d4322/microposts.css.scssc: can't dump anonymous class #<Class:0x00000003a26220>
Compiled microposts.css  (22ms)  (pid 20339)
Compiled application.css  (67ms)  (pid 20339)
Compiled microposts.js  (73ms)  (pid 20339)
Compiled application.js  (124ms)  (pid 20339)
Completed 200 OK in 571.1ms (Views: 507.2ms | ActiveRecord: 6.7ms)


Started GET "/assets/jquery_ujs.js?body=1" for 10.0.2.2 at 2014-04-25 18:24:58 +0000
Served asset /jquery_ujs.js - 304 Not Modified (12ms)


Started GET "/assets/users.css?body=1" for 10.0.2.2 at 2014-04-25 18:24:58 +0000
Served asset /users.css - 304 Not Modified (12ms)


Started GET "/assets/microposts.js?body=1" for 10.0.2.2 at 2014-04-25 18:24:58 +0000
Served asset /microposts.js - 200 OK (13ms)


Started GET "/assets/application.css?body=1" for 10.0.2.2 at 2014-04-25 18:24:58 +0000
Served asset /application.css - 304 Not Modified (30ms)


Started GET "/assets/jquery.js?body=1" for 10.0.2.2 at 2014-04-25 18:24:58 +0000
Served asset /jquery.js - 304 Not Modified (16ms)


Started GET "/assets/microposts.css?body=1" for 10.0.2.2 at 2014-04-25 18:24:59 +0000
Served asset /microposts.css - 200 OK (9ms)


Started GET "/assets/scaffolds.css?body=1" for 10.0.2.2 at 2014-04-25 18:24:59 +0000
Served asset /scaffolds.css - 304 Not Modified (10ms)


Started GET "/assets/users.js?body=1" for 10.0.2.2 at 2014-04-25 18:24:59 +0000
Served asset /users.js - 304 Not Modified (10ms)


Started GET "/assets/application.js?body=1" for 10.0.2.2 at 2014-04-25 18:24:59 +0000
Served asset /application.js - 304 Not Modified (29ms)


Started POST "/microposts" for 10.0.2.2 at 2014-04-25 18:25:52 +0000
Processing by MicropostsController#create as HTML
  Parameters: {"utf8"=>"✓", "authenticity_token"=>"bTYZ3ibmN26N+NV4vc09kkbnlHPxBqcsPyf48opRd9Q=", "micropost"=>{"content"=>"my first micropost!", "user_id"=>"1"}, "commit"=>"Create Micropost"}
  [1m[36m (0.1ms)[0m  [1mbegin transaction[0m
  [1m[35mSQL (36.1ms)[0m  INSERT INTO "microposts" ("content", "created_at", "updated_at", "user_id") VALUES (?, ?, ?, ?)  [["content", "my first micropost!"], ["created_at", Fri, 25 Apr 2014 18:25:52 UTC +00:00], ["updated_at", Fri, 25 Apr 2014 18:25:52 UTC +00:00], ["user_id", 1]]
  [1m[36m (2.3ms)[0m  [1mcommit transaction[0m
Redirected to http://localhost:3000/microposts/1
Completed 302 Found in 46.4ms (ActiveRecord: 38.5ms)


Started GET "/microposts/1" for 10.0.2.2 at 2014-04-25 18:25:52 +0000
Processing by MicropostsController#show as HTML
  Parameters: {"id"=>"1"}
  [1m[35mMicropost Load (1.6ms)[0m  SELECT "microposts".* FROM "microposts" WHERE "microposts"."id" = ? LIMIT 1  [["id", "1"]]
  Rendered microposts/show.html.erb within layouts/application (1.3ms)
Completed 200 OK in 52.7ms (Views: 48.4ms | ActiveRecord: 1.6ms)


Started GET "/assets/application.css?body=1" for 10.0.2.2 at 2014-04-25 18:25:52 +0000
Served asset /application.css - 304 Not Modified (6ms)


Started GET "/assets/jquery.js?body=1" for 10.0.2.2 at 2014-04-25 18:25:52 +0000
Served asset /jquery.js - 304 Not Modified (0ms)


Started GET "/assets/users.css?body=1" for 10.0.2.2 at 2014-04-25 18:25:52 +0000
Served asset /users.css - 304 Not Modified (1ms)


Started GET "/assets/jquery_ujs.js?body=1" for 10.0.2.2 at 2014-04-25 18:25:52 +0000
Served asset /jquery_ujs.js - 304 Not Modified (5ms)


Started GET "/assets/scaffolds.css?body=1" for 10.0.2.2 at 2014-04-25 18:25:52 +0000
Served asset /scaffolds.css - 304 Not Modified (1ms)


Started GET "/assets/microposts.css?body=1" for 10.0.2.2 at 2014-04-25 18:25:52 +0000
Served asset /microposts.css - 304 Not Modified (1ms)


Started GET "/assets/microposts.js?body=1" for 10.0.2.2 at 2014-04-25 18:25:52 +0000
Served asset /microposts.js - 304 Not Modified (1ms)


Started GET "/assets/users.js?body=1" for 10.0.2.2 at 2014-04-25 18:25:52 +0000
Served asset /users.js - 304 Not Modified (1ms)


Started GET "/assets/application.js?body=1" for 10.0.2.2 at 2014-04-25 18:25:52 +0000
Served asset /application.js - 304 Not Modified (6ms)


Started GET "/microposts" for 10.0.2.2 at 2014-04-25 18:28:25 +0000
Processing by MicropostsController#index as HTML
  [1m[36mMicropost Load (0.7ms)[0m  [1mSELECT "microposts".* FROM "microposts" [0m
  Rendered microposts/index.html.erb within layouts/application (2.0ms)
Completed 200 OK in 57.0ms (Views: 54.1ms | ActiveRecord: 0.7ms)


Started GET "/assets/application.css?body=1" for 10.0.2.2 at 2014-04-25 18:28:25 +0000
Served asset /application.css - 304 Not Modified (5ms)


Started GET "/assets/users.css?body=1" for 10.0.2.2 at 2014-04-25 18:28:25 +0000
Served asset /users.css - 304 Not Modified (1ms)


Started GET "/assets/scaffolds.css?body=1" for 10.0.2.2 at 2014-04-25 18:28:25 +0000
Served asset /scaffolds.css - 304 Not Modified (1ms)


Started GET "/assets/jquery_ujs.js?body=1" for 10.0.2.2 at 2014-04-25 18:28:25 +0000
Served asset /jquery_ujs.js - 304 Not Modified (0ms)


Started GET "/assets/microposts.css?body=1" for 10.0.2.2 at 2014-04-25 18:28:25 +0000
Served asset /microposts.css - 304 Not Modified (1ms)


Started GET "/assets/jquery.js?body=1" for 10.0.2.2 at 2014-04-25 18:28:25 +0000
Served asset /jquery.js - 304 Not Modified (1ms)


Started GET "/assets/microposts.js?body=1" for 10.0.2.2 at 2014-04-25 18:28:25 +0000
Served asset /microposts.js - 304 Not Modified (1ms)


Started GET "/assets/users.js?body=1" for 10.0.2.2 at 2014-04-25 18:28:25 +0000
Served asset /users.js - 304 Not Modified (1ms)


Started GET "/assets/application.js?body=1" for 10.0.2.2 at 2014-04-25 18:28:25 +0000
Served asset /application.js - 304 Not Modified (6ms)


Started GET "/microposts/new" for 10.0.2.2 at 2014-04-25 18:29:08 +0000
Processing by MicropostsController#new as HTML
  Rendered microposts/_form.html.erb (2.7ms)
  Rendered microposts/new.html.erb within layouts/application (13.5ms)
Completed 200 OK in 59.8ms (Views: 59.3ms | ActiveRecord: 0.0ms)


Started GET "/assets/jquery.js?body=1" for 10.0.2.2 at 2014-04-25 18:29:08 +0000
Served asset /jquery.js - 304 Not Modified (2ms)


Started GET "/assets/jquery_ujs.js?body=1" for 10.0.2.2 at 2014-04-25 18:29:08 +0000
Served asset /jquery_ujs.js - 304 Not Modified (0ms)


Started GET "/assets/scaffolds.css?body=1" for 10.0.2.2 at 2014-04-25 18:29:08 +0000
Served asset /scaffolds.css - 304 Not Modified (1ms)


Started GET "/assets/users.css?body=1" for 10.0.2.2 at 2014-04-25 18:29:08 +0000
Served asset /users.css - 304 Not Modified (1ms)


Started GET "/assets/application.css?body=1" for 10.0.2.2 at 2014-04-25 18:29:08 +0000
Served asset /application.css - 304 Not Modified (5ms)


Started GET "/assets/microposts.css?body=1" for 10.0.2.2 at 2014-04-25 18:29:08 +0000
Served asset /microposts.css - 304 Not Modified (1ms)


Started GET "/assets/microposts.js?body=1" for 10.0.2.2 at 2014-04-25 18:29:08 +0000
Served asset /microposts.js - 304 Not Modified (1ms)


Started GET "/assets/users.js?body=1" for 10.0.2.2 at 2014-04-25 18:29:08 +0000
Served asset /users.js - 304 Not Modified (1ms)


Started GET "/assets/application.js?body=1" for 10.0.2.2 at 2014-04-25 18:29:08 +0000
Served asset /application.js - 304 Not Modified (7ms)


Started POST "/microposts" for 10.0.2.2 at 2014-04-25 18:29:20 +0000
Processing by MicropostsController#create as HTML
  Parameters: {"utf8"=>"✓", "authenticity_token"=>"bTYZ3ibmN26N+NV4vc09kkbnlHPxBqcsPyf48opRd9Q=", "micropost"=>{"content"=>"my second micropost", "user_id"=>"1"}, "commit"=>"Create Micropost"}
  [1m[35m (0.1ms)[0m  begin transaction
  [1m[36mSQL (2.7ms)[0m  [1mINSERT INTO "microposts" ("content", "created_at", "updated_at", "user_id") VALUES (?, ?, ?, ?)[0m  [["content", "my second micropost"], ["created_at", Fri, 25 Apr 2014 18:29:20 UTC +00:00], ["updated_at", Fri, 25 Apr 2014 18:29:20 UTC +00:00], ["user_id", 1]]
  [1m[35m (2.5ms)[0m  commit transaction
Redirected to http://localhost:3000/microposts/2
Completed 302 Found in 10.1ms (ActiveRecord: 5.3ms)


Started GET "/microposts/2" for 10.0.2.2 at 2014-04-25 18:29:20 +0000
Processing by MicropostsController#show as HTML
  Parameters: {"id"=>"2"}
  [1m[36mMicropost Load (0.6ms)[0m  [1mSELECT "microposts".* FROM "microposts" WHERE "microposts"."id" = ? LIMIT 1[0m  [["id", "2"]]
  Rendered microposts/show.html.erb within layouts/application (1.1ms)
Completed 200 OK in 49.2ms (Views: 47.5ms | ActiveRecord: 0.6ms)


Started GET "/assets/application.css?body=1" for 10.0.2.2 at 2014-04-25 18:29:20 +0000
Served asset /application.css - 304 Not Modified (6ms)


Started GET "/assets/jquery.js?body=1" for 10.0.2.2 at 2014-04-25 18:29:20 +0000
Served asset /jquery.js - 304 Not Modified (1ms)


Started GET "/assets/users.css?body=1" for 10.0.2.2 at 2014-04-25 18:29:20 +0000
Served asset /users.css - 304 Not Modified (1ms)


Started GET "/assets/microposts.css?body=1" for 10.0.2.2 at 2014-04-25 18:29:20 +0000
Served asset /microposts.css - 304 Not Modified (1ms)


Started GET "/assets/scaffolds.css?body=1" for 10.0.2.2 at 2014-04-25 18:29:20 +0000
Served asset /scaffolds.css - 304 Not Modified (1ms)


Started GET "/assets/jquery_ujs.js?body=1" for 10.0.2.2 at 2014-04-25 18:29:20 +0000
Served asset /jquery_ujs.js - 304 Not Modified (0ms)


Started GET "/assets/microposts.js?body=1" for 10.0.2.2 at 2014-04-25 18:29:20 +0000
Served asset /microposts.js - 304 Not Modified (1ms)


Started GET "/assets/users.js?body=1" for 10.0.2.2 at 2014-04-25 18:29:20 +0000
Served asset /users.js - 304 Not Modified (1ms)


Started GET "/assets/application.js?body=1" for 10.0.2.2 at 2014-04-25 18:29:20 +0000
Served asset /application.js - 304 Not Modified (6ms)


Started GET "/microposts" for 10.0.2.2 at 2014-04-25 18:29:32 +0000
Processing by MicropostsController#index as HTML
  [1m[35mMicropost Load (1.0ms)[0m  SELECT "microposts".* FROM "microposts" 
  Rendered microposts/index.html.erb within layouts/application (1.9ms)
Completed 200 OK in 47.7ms (Views: 45.4ms | ActiveRecord: 1.0ms)


Started GET "/assets/application.css?body=1" for 10.0.2.2 at 2014-04-25 18:29:32 +0000
Served asset /application.css - 304 Not Modified (6ms)


Started GET "/assets/jquery_ujs.js?body=1" for 10.0.2.2 at 2014-04-25 18:29:32 +0000
Served asset /jquery_ujs.js - 304 Not Modified (1ms)


Started GET "/assets/scaffolds.css?body=1" for 10.0.2.2 at 2014-04-25 18:29:32 +0000
Served asset /scaffolds.css - 304 Not Modified (1ms)


Started GET "/assets/microposts.css?body=1" for 10.0.2.2 at 2014-04-25 18:29:32 +0000
Served asset /microposts.css - 304 Not Modified (1ms)


Started GET "/assets/jquery.js?body=1" for 10.0.2.2 at 2014-04-25 18:29:32 +0000
Served asset /jquery.js - 304 Not Modified (1ms)


Started GET "/assets/microposts.js?body=1" for 10.0.2.2 at 2014-04-25 18:29:32 +0000
Served asset /microposts.js - 304 Not Modified (1ms)


Started GET "/assets/users.js?body=1" for 10.0.2.2 at 2014-04-25 18:29:32 +0000
Served asset /users.js - 304 Not Modified (1ms)


Started GET "/assets/application.js?body=1" for 10.0.2.2 at 2014-04-25 18:29:32 +0000
Served asset /application.js - 304 Not Modified (5ms)


Started GET "/assets/users.css?body=1" for 10.0.2.2 at 2014-04-25 18:29:35 +0000
Served asset /users.css - 304 Not Modified (1ms)


Started DELETE "/microposts/2" for 10.0.2.2 at 2014-04-25 18:29:41 +0000
Processing by MicropostsController#destroy as HTML
  Parameters: {"authenticity_token"=>"bTYZ3ibmN26N+NV4vc09kkbnlHPxBqcsPyf48opRd9Q=", "id"=>"2"}
  [1m[36mMicropost Load (0.9ms)[0m  [1mSELECT "microposts".* FROM "microposts" WHERE "microposts"."id" = ? LIMIT 1[0m  [["id", "2"]]
  [1m[35m (0.1ms)[0m  begin transaction
  [1m[36mSQL (2.1ms)[0m  [1mDELETE FROM "microposts" WHERE "microposts"."id" = ?[0m  [["id", 2]]
  [1m[35m (2.2ms)[0m  commit transaction
Redirected to http://localhost:3000/microposts
Completed 302 Found in 9.3ms (ActiveRecord: 5.3ms)


Started GET "/microposts" for 10.0.2.2 at 2014-04-25 18:29:42 +0000
Processing by MicropostsController#index as HTML
  [1m[36mMicropost Load (0.9ms)[0m  [1mSELECT "microposts".* FROM "microposts" [0m
  Rendered microposts/index.html.erb within layouts/application (1.4ms)
Completed 200 OK in 49.2ms (Views: 45.1ms | ActiveRecord: 0.9ms)


Started GET "/assets/application.css?body=1" for 10.0.2.2 at 2014-04-25 18:29:42 +0000
Served asset /application.css - 304 Not Modified (6ms)


Started GET "/assets/jquery_ujs.js?body=1" for 10.0.2.2 at 2014-04-25 18:29:42 +0000
Served asset /jquery_ujs.js - 304 Not Modified (0ms)


Started GET "/assets/users.css?body=1" for 10.0.2.2 at 2014-04-25 18:29:42 +0000
Served asset /users.css - 304 Not Modified (1ms)


Started GET "/assets/scaffolds.css?body=1" for 10.0.2.2 at 2014-04-25 18:29:42 +0000
Served asset /scaffolds.css - 304 Not Modified (1ms)


Started GET "/assets/jquery.js?body=1" for 10.0.2.2 at 2014-04-25 18:29:42 +0000
Served asset /jquery.js - 304 Not Modified (4ms)


Started GET "/assets/microposts.css?body=1" for 10.0.2.2 at 2014-04-25 18:29:42 +0000
Served asset /microposts.css - 304 Not Modified (1ms)


Started GET "/assets/microposts.js?body=1" for 10.0.2.2 at 2014-04-25 18:29:42 +0000
Served asset /microposts.js - 304 Not Modified (1ms)


Started GET "/assets/users.js?body=1" for 10.0.2.2 at 2014-04-25 18:29:42 +0000
Served asset /users.js - 304 Not Modified (1ms)


Started GET "/assets/application.js?body=1" for 10.0.2.2 at 2014-04-25 18:29:42 +0000
Served asset /application.js - 304 Not Modified (6ms)


Started GET "/microposts/new" for 10.0.2.2 at 2014-04-25 18:31:42 +0000
Processing by MicropostsController#new as HTML
  Rendered microposts/_form.html.erb (3.4ms)
  Rendered microposts/new.html.erb within layouts/application (12.7ms)
Completed 200 OK in 66.5ms (Views: 56.7ms | ActiveRecord: 1.8ms)


Started GET "/assets/users.css?body=1" for 10.0.2.2 at 2014-04-25 18:31:42 +0000
Served asset /users.css - 304 Not Modified (1ms)


Started GET "/assets/jquery_ujs.js?body=1" for 10.0.2.2 at 2014-04-25 18:31:42 +0000
Served asset /jquery_ujs.js - 304 Not Modified (25ms)


Started GET "/assets/scaffolds.css?body=1" for 10.0.2.2 at 2014-04-25 18:31:42 +0000
Served asset /scaffolds.css - 304 Not Modified (1ms)


Started GET "/assets/microposts.css?body=1" for 10.0.2.2 at 2014-04-25 18:31:42 +0000
Served asset /microposts.css - 304 Not Modified (1ms)


Started GET "/assets/jquery.js?body=1" for 10.0.2.2 at 2014-04-25 18:31:42 +0000
Served asset /jquery.js - 304 Not Modified (6ms)


Started GET "/assets/application.css?body=1" for 10.0.2.2 at 2014-04-25 18:31:42 +0000
Served asset /application.css - 304 Not Modified (6ms)


Started GET "/assets/microposts.js?body=1" for 10.0.2.2 at 2014-04-25 18:31:42 +0000
Served asset /microposts.js - 304 Not Modified (1ms)


Started GET "/assets/users.js?body=1" for 10.0.2.2 at 2014-04-25 18:31:43 +0000
Served asset /users.js - 304 Not Modified (1ms)


Started GET "/assets/application.js?body=1" for 10.0.2.2 at 2014-04-25 18:31:43 +0000
Served asset /application.js - 304 Not Modified (5ms)


Started POST "/microposts" for 10.0.2.2 at 2014-04-25 18:32:09 +0000
Processing by MicropostsController#create as HTML
  Parameters: {"utf8"=>"✓", "authenticity_token"=>"bTYZ3ibmN26N+NV4vc09kkbnlHPxBqcsPyf48opRd9Q=", "micropost"=>{"content"=>"bhbhbhjbhjbhjbhjbhjbhjbhjbhhjbhjhbjhbhjhbhjhbhjhbjhbhjhbjhhbhjhbhjhbhjbhjhbhjkhjbkjhghfgnfgdfgdbgdxdvxvzsvdedrftyghjhgvfcdxsawertgyhujnbgvfcdxszwdefrgthynbgvcfxszawedfrgthyjumnhbgvcxszdefrgthyuj", "user_id"=>"1"}, "commit"=>"Create Micropost"}
  [1m[35m (0.1ms)[0m  begin transaction
  [1m[36m (0.0ms)[0m  [1mrollback transaction[0m
  Rendered microposts/_form.html.erb (3.2ms)
  Rendered microposts/new.html.erb within layouts/application (13.9ms)
Completed 200 OK in 59.8ms (Views: 56.9ms | ActiveRecord: 0.1ms)


Started GET "/assets/application.css?body=1" for 10.0.2.2 at 2014-04-25 18:32:09 +0000
Served asset /application.css - 304 Not Modified (5ms)


Started GET "/assets/jquery.js?body=1" for 10.0.2.2 at 2014-04-25 18:32:09 +0000
Served asset /jquery.js - 304 Not Modified (1ms)


Started GET "/assets/microposts.css?body=1" for 10.0.2.2 at 2014-04-25 18:32:09 +0000
Served asset /microposts.css - 304 Not Modified (1ms)


Started GET "/assets/jquery_ujs.js?body=1" for 10.0.2.2 at 2014-04-25 18:32:09 +0000
Served asset /jquery_ujs.js - 304 Not Modified (0ms)


Started GET "/assets/scaffolds.css?body=1" for 10.0.2.2 at 2014-04-25 18:32:09 +0000
Served asset /scaffolds.css - 304 Not Modified (1ms)


Started GET "/assets/microposts.js?body=1" for 10.0.2.2 at 2014-04-25 18:32:09 +0000
Served asset /microposts.js - 304 Not Modified (1ms)


Started GET "/assets/users.js?body=1" for 10.0.2.2 at 2014-04-25 18:32:09 +0000
Served asset /users.js - 304 Not Modified (1ms)


Started GET "/assets/application.js?body=1" for 10.0.2.2 at 2014-04-25 18:32:09 +0000
Served asset /application.js - 304 Not Modified (6ms)


Started GET "/assets/users.css?body=1" for 10.0.2.2 at 2014-04-25 18:32:11 +0000
Served asset /users.css - 304 Not Modified (1ms)


Started POST "/microposts" for 10.0.2.2 at 2014-04-25 18:32:19 +0000
Processing by MicropostsController#create as HTML
  Parameters: {"utf8"=>"✓", "authenticity_token"=>"bTYZ3ibmN26N+NV4vc09kkbnlHPxBqcsPyf48opRd9Q=", "micropost"=>{"content"=>"k", "user_id"=>"1"}, "commit"=>"Create Micropost"}
  [1m[35m (0.0ms)[0m  begin transaction
  [1m[36mSQL (3.0ms)[0m  [1mINSERT INTO "microposts" ("content", "created_at", "updated_at", "user_id") VALUES (?, ?, ?, ?)[0m  [["content", "k"], ["created_at", Fri, 25 Apr 2014 18:32:19 UTC +00:00], ["updated_at", Fri, 25 Apr 2014 18:32:19 UTC +00:00], ["user_id", 1]]
  [1m[35m (2.2ms)[0m  commit transaction
Redirected to http://localhost:3000/microposts/3
Completed 302 Found in 10.2ms (ActiveRecord: 5.2ms)


Started GET "/microposts/3" for 10.0.2.2 at 2014-04-25 18:32:19 +0000
Processing by MicropostsController#show as HTML
  Parameters: {"id"=>"3"}
  [1m[36mMicropost Load (0.8ms)[0m  [1mSELECT "microposts".* FROM "microposts" WHERE "microposts"."id" = ? LIMIT 1[0m  [["id", "3"]]
  Rendered microposts/show.html.erb within layouts/application (0.8ms)
Completed 200 OK in 51.6ms (Views: 48.2ms | ActiveRecord: 0.8ms)


Started GET "/assets/application.css?body=1" for 10.0.2.2 at 2014-04-25 18:32:20 +0000
Served asset /application.css - 304 Not Modified (5ms)


Started GET "/assets/users.css?body=1" for 10.0.2.2 at 2014-04-25 18:32:20 +0000
Served asset /users.css - 304 Not Modified (1ms)


Started GET "/assets/jquery_ujs.js?body=1" for 10.0.2.2 at 2014-04-25 18:32:20 +0000
Served asset /jquery_ujs.js - 304 Not Modified (1ms)


Started GET "/assets/microposts.css?body=1" for 10.0.2.2 at 2014-04-25 18:32:20 +0000
Served asset /microposts.css - 304 Not Modified (1ms)


Started GET "/assets/scaffolds.css?body=1" for 10.0.2.2 at 2014-04-25 18:32:20 +0000
Served asset /scaffolds.css - 304 Not Modified (1ms)


Started GET "/assets/jquery.js?body=1" for 10.0.2.2 at 2014-04-25 18:32:20 +0000
Served asset /jquery.js - 304 Not Modified (5ms)


Started GET "/assets/microposts.js?body=1" for 10.0.2.2 at 2014-04-25 18:32:20 +0000
Served asset /microposts.js - 304 Not Modified (1ms)


Started GET "/assets/users.js?body=1" for 10.0.2.2 at 2014-04-25 18:32:20 +0000
Served asset /users.js - 304 Not Modified (1ms)


Started GET "/assets/application.js?body=1" for 10.0.2.2 at 2014-04-25 18:32:20 +0000
Served asset /application.js - 304 Not Modified (6ms)


Started GET "/microposts" for 10.0.2.2 at 2014-04-25 18:32:22 +0000
Processing by MicropostsController#index as HTML
  [1m[35mMicropost Load (0.8ms)[0m  SELECT "microposts".* FROM "microposts" 
  Rendered microposts/index.html.erb within layouts/application (3.0ms)
Completed 200 OK in 50.5ms (Views: 48.3ms | ActiveRecord: 0.8ms)


Started GET "/assets/application.css?body=1" for 10.0.2.2 at 2014-04-25 18:32:22 +0000
Served asset /application.css - 304 Not Modified (6ms)


Started GET "/assets/users.css?body=1" for 10.0.2.2 at 2014-04-25 18:32:22 +0000
Served asset /users.css - 304 Not Modified (1ms)


Started GET "/assets/jquery_ujs.js?body=1" for 10.0.2.2 at 2014-04-25 18:32:22 +0000
Served asset /jquery_ujs.js - 304 Not Modified (1ms)


Started GET "/assets/scaffolds.css?body=1" for 10.0.2.2 at 2014-04-25 18:32:22 +0000
Served asset /scaffolds.css - 304 Not Modified (1ms)


Started GET "/assets/jquery.js?body=1" for 10.0.2.2 at 2014-04-25 18:32:22 +0000
Served asset /jquery.js - 304 Not Modified (5ms)


Started GET "/assets/microposts.css?body=1" for 10.0.2.2 at 2014-04-25 18:32:22 +0000
Served asset /microposts.css - 304 Not Modified (1ms)


Started GET "/assets/microposts.js?body=1" for 10.0.2.2 at 2014-04-25 18:32:22 +0000
Served asset /microposts.js - 304 Not Modified (1ms)


Started GET "/assets/users.js?body=1" for 10.0.2.2 at 2014-04-25 18:32:22 +0000
Served asset /users.js - 304 Not Modified (1ms)


Started GET "/assets/application.js?body=1" for 10.0.2.2 at 2014-04-25 18:32:23 +0000
Served asset /application.js - 304 Not Modified (7ms)
Connecting to database specified by database.yml
